 [19-Mar-2016 14:25:30 UTC] PHP Parse error:  syntax error, unexpected end of file in /var/www/html/buzzzap/pages/view_live_debate.php on line 251
[19-Mar-2016 14:25:34 UTC] PHP Parse error:  syntax error, unexpected end of file in /var/www/html/buzzzap/pages/view_live_debate.php on line 251
[19-Mar-2016 14:25:38 UTC] PHP Parse error:  syntax error, unexpected end of file in /var/www/html/buzzzap/pages/view_live_debate.php on line 251
[19-Mar-2016 14:26:14 UTC] PHP Parse error:  syntax error, unexpected end of file in /var/www/html/buzzzap/pages/view_live_debate.php on line 251
[19-Mar-2016 15:31:07 UTC] PHP Notice:  Undefined variable: duration in /var/www/html/buzzzap/pages/view_live_debate.php on line 58
[19-Mar-2016 17:23:11 UTC] PHP Warning:  Division by zero in /var/www/html/buzzzap/pages/view_live_debate.php on line 20
[19-Mar-2016 17:23:11 UTC] PHP Warning:  Division by zero in /var/www/html/buzzzap/functions.php on line 2032
[25-Mar-2016 12:24:29 UTC] PHP Notice:  Undefined variable: r_ec in /var/www/html/buzzzap/functions.php on line 2043
[25-Mar-2016 12:24:29 UTC] PHP Notice:  Undefined variable: r_ec in /var/www/html/buzzzap/functions.php on line 2051
[25-Mar-2016 12:24:29 UTC] PHP Notice:  Undefined variable: r_ec in /var/www/html/buzzzap/functions.php on line 2051
[25-Mar-2016 12:24:29 UTC] PHP Notice:  Undefined variable: r_ec in /var/www/html/buzzzap/functions.php on line 2056
[25-Mar-2016 12:24:29 UTC] PHP Notice:  Undefined variable: r_ec in /var/www/html/buzzzap/functions.php on line 2060
[25-Mar-2016 12:24:56 UTC] PHP Notice:  Undefined variable: r_ec in /var/www/html/buzzzap/functions.php on line 2043
[25-Mar-2016 12:24:56 UTC] PHP Notice:  Undefined variable: r_ec in /var/www/html/buzzzap/functions.php on line 2051
[25-Mar-2016 12:24:56 UTC] PHP Notice:  Undefined variable: r_ec in /var/www/html/buzzzap/functions.php on line 2051
[25-Mar-2016 12:24:56 UTC] PHP Notice:  Undefined variable: r_ec in /var/www/html/buzzzap/functions.php on line 2056
[25-Mar-2016 12:24:56 UTC] PHP Notice:  Undefined variable: r_ec in /var/www/html/buzzzap/functions.php on line 2060
[25-Mar-2016 12:28:28 UTC] PHP Parse error:  syntax error, unexpected end of file in /var/www/html/buzzzap/functions.php on line 135
[25-Mar-2016 12:28:29 UTC] PHP Parse error:  syntax error, unexpected end of file in /var/www/html/buzzzap/functions.php on line 135
[25-Mar-2016 12:37:20 UTC] PHP Parse error:  syntax error, unexpected ';', expecting variable (T_VARIABLE) or '$' in /var/www/html/buzzzap/functions.php on line 2033
[25-Mar-2016 12:37:22 UTC] PHP Parse error:  syntax error, unexpected ';', expecting variable (T_VARIABLE) or '$' in /var/www/html/buzzzap/functions.php on line 2033
[31-Mar-2016 14:25:47 UTC] PHP Parse error:  syntax error, unexpected '}' in /var/www/html/buzzzap/pages/view_live_debate.php on line 467
[31-Mar-2016 14:25:51 UTC] PHP Parse error:  syntax error, unexpected '}' in /var/www/html/buzzzap/pages/view_live_debate.php on line 467
[31-Mar-2016 14:29:21 UTC] PHP Notice:  Array to string conversion in /var/www/html/buzzzap/pages/view_live_debate.php on line 97
[31-Mar-2016 14:29:21 UTC] PHP Notice:  Undefined offset: 7 in /var/www/html/buzzzap/pages/view_live_debate.php on line 126
[31-Mar-2016 14:29:21 UTC] PHP Notice:  Undefined offset: 7 in /var/www/html/buzzzap/pages/view_live_debate.php on line 126
[31-Mar-2016 14:30:09 UTC] PHP Notice:  Array to string conversion in /var/www/html/buzzzap/pages/view_live_debate.php on line 97
[31-Mar-2016 14:30:09 UTC] PHP Notice:  Undefined offset: 7 in /var/www/html/buzzzap/pages/view_live_debate.php on line 126
[31-Mar-2016 14:30:09 UTC] PHP Notice:  Undefined offset: 7 in /var/www/html/buzzzap/pages/view_live_debate.php on line 126
[31-Mar-2016 14:30:09 UTC] PHP Notice:  Array to string conversion in /var/www/html/buzzzap/pages/view_live_debate.php on line 97
[31-Mar-2016 14:30:09 UTC] PHP Notice:  Undefined offset: 7 in /var/www/html/buzzzap/pages/view_live_debate.php on line 126
[31-Mar-2016 14:30:09 UTC] PHP Notice:  Undefined offset: 7 in /var/www/html/buzzzap/pages/view_live_debate.php on line 126
[31-Mar-2016 14:30:26 UTC] PHP Notice:  Array to string conversion in /var/www/html/buzzzap/pages/view_live_debate.php on line 97
[31-Mar-2016 14:30:26 UTC] PHP Notice:  Undefined offset: 7 in /var/www/html/buzzzap/pages/view_live_debate.php on line 126
[31-Mar-2016 14:30:26 UTC] PHP Notice:  Undefined offset: 7 in /var/www/html/buzzzap/pages/view_live_debate.php on line 126
[31-Mar-2016 14:31:02 UTC] PHP Notice:  Array to string conversion in /var/www/html/buzzzap/pages/view_live_debate.php on line 97
[31-Mar-2016 14:31:02 UTC] PHP Notice:  Undefined offset: 7 in /var/www/html/buzzzap/pages/view_live_debate.php on line 126
[31-Mar-2016 14:31:02 UTC] PHP Notice:  Undefined offset: 7 in /var/www/html/buzzzap/pages/view_live_debate.php on line 126
[31-Mar-2016 14:31:03 UTC] PHP Notice:  Array to string conversion in /var/www/html/buzzzap/pages/view_live_debate.php on line 97
[31-Mar-2016 14:31:03 UTC] PHP Notice:  Undefined offset: 7 in /var/www/html/buzzzap/pages/view_live_debate.php on line 126
[31-Mar-2016 14:31:03 UTC] PHP Notice:  Undefined offset: 7 in /var/www/html/buzzzap/pages/view_live_debate.php on line 126
[31-Mar-2016 14:38:51 UTC] PHP Notice:  Array to string conversion in /var/www/html/buzzzap/pages/view_live_debate.php on line 97
[31-Mar-2016 14:38:51 UTC] PHP Notice:  Undefined offset: 7 in /var/www/html/buzzzap/pages/view_live_debate.php on line 126
[31-Mar-2016 14:38:51 UTC] PHP Notice:  Undefined offset: 7 in /var/www/html/buzzzap/pages/view_live_debate.php on line 126
[31-Mar-2016 14:39:09 UTC] PHP Notice:  Array to string conversion in /var/www/html/buzzzap/pages/view_live_debate.php on line 97
[31-Mar-2016 14:39:09 UTC] PHP Notice:  Undefined offset: 7 in /var/www/html/buzzzap/pages/view_live_debate.php on line 126
[31-Mar-2016 14:39:09 UTC] PHP Notice:  Undefined offset: 7 in /var/www/html/buzzzap/pages/view_live_debate.php on line 126
[31-Mar-2016 14:39:24 UTC] PHP Notice:  Array to string conversion in /var/www/html/buzzzap/pages/view_live_debate.php on line 97
[31-Mar-2016 14:39:24 UTC] PHP Notice:  Undefined offset: 7 in /var/www/html/buzzzap/pages/view_live_debate.php on line 126
[31-Mar-2016 14:39:24 UTC] PHP Notice:  Undefined offset: 7 in /var/www/html/buzzzap/pages/view_live_debate.php on line 126
[31-Mar-2016 14:39:45 UTC] PHP Notice:  Array to string conversion in /var/www/html/buzzzap/pages/view_live_debate.php on line 97
[31-Mar-2016 14:39:45 UTC] PHP Notice:  Undefined offset: 7 in /var/www/html/buzzzap/pages/view_live_debate.php on line 126
[31-Mar-2016 14:39:45 UTC] PHP Notice:  Undefined offset: 7 in /var/www/html/buzzzap/pages/view_live_debate.php on line 126
[31-Mar-2016 14:40:45 UTC] PHP Notice:  Array to string conversion in /var/www/html/buzzzap/pages/view_live_debate.php on line 97
[31-Mar-2016 14:40:45 UTC] PHP Notice:  Undefined offset: 7 in /var/www/html/buzzzap/pages/view_live_debate.php on line 126
[31-Mar-2016 14:40:45 UTC] PHP Notice:  Undefined offset: 7 in /var/www/html/buzzzap/pages/view_live_debate.php on line 126
[31-Mar-2016 15:02:15 UTC] PHP Notice:  Array to string conversion in /var/www/html/buzzzap/pages/view_live_debate.php on line 97
[31-Mar-2016 15:02:15 UTC] PHP Notice:  Undefined offset: 7 in /var/www/html/buzzzap/pages/view_live_debate.php on line 126
[31-Mar-2016 15:02:15 UTC] PHP Notice:  Undefined offset: 7 in /var/www/html/buzzzap/pages/view_live_debate.php on line 126
[31-Mar-2016 15:02:16 UTC] PHP Notice:  Array to string conversion in /var/www/html/buzzzap/pages/view_live_debate.php on line 97
[31-Mar-2016 15:02:16 UTC] PHP Notice:  Undefined offset: 7 in /var/www/html/buzzzap/pages/view_live_debate.php on line 126
[31-Mar-2016 15:02:16 UTC] PHP Notice:  Undefined offset: 7 in /var/www/html/buzzzap/pages/view_live_debate.php on line 126
[31-Mar-2016 15:02:36 UTC] PHP Notice:  Array to string conversion in /var/www/html/buzzzap/pages/view_live_debate.php on line 97
[31-Mar-2016 15:02:36 UTC] PHP Notice:  Undefined offset: 7 in /var/www/html/buzzzap/pages/view_live_debate.php on line 126
[31-Mar-2016 15:02:36 UTC] PHP Notice:  Undefined offset: 7 in /var/www/html/buzzzap/pages/view_live_debate.php on line 126
[31-Mar-2016 15:03:54 UTC] PHP Notice:  Array to string conversion in /var/www/html/buzzzap/pages/view_live_debate.php on line 97
[31-Mar-2016 15:03:54 UTC] PHP Notice:  Undefined offset: 7 in /var/www/html/buzzzap/pages/view_live_debate.php on line 126
[31-Mar-2016 15:03:54 UTC] PHP Notice:  Undefined offset: 7 in /var/www/html/buzzzap/pages/view_live_debate.php on line 126
[31-Mar-2016 15:04:33 UTC] PHP Notice:  Array to string conversion in /var/www/html/buzzzap/pages/view_live_debate.php on line 97
[31-Mar-2016 15:04:33 UTC] PHP Notice:  Undefined offset: 7 in /var/www/html/buzzzap/pages/view_live_debate.php on line 126
[31-Mar-2016 15:04:33 UTC] PHP Notice:  Undefined offset: 7 in /var/www/html/buzzzap/pages/view_live_debate.php on line 126
[31-Mar-2016 15:04:35 UTC] PHP Notice:  Array to string conversion in /var/www/html/buzzzap/pages/view_live_debate.php on line 97
[31-Mar-2016 15:04:35 UTC] PHP Notice:  Undefined offset: 7 in /var/www/html/buzzzap/pages/view_live_debate.php on line 126
[31-Mar-2016 15:04:35 UTC] PHP Notice:  Undefined offset: 7 in /var/www/html/buzzzap/pages/view_live_debate.php on line 126
[31-Mar-2016 15:04:52 UTC] PHP Notice:  Array to string conversion in /var/www/html/buzzzap/pages/view_live_debate.php on line 97
[31-Mar-2016 15:04:52 UTC] PHP Notice:  Undefined offset: 7 in /var/www/html/buzzzap/pages/view_live_debate.php on line 126
[31-Mar-2016 15:04:52 UTC] PHP Notice:  Undefined offset: 7 in /var/www/html/buzzzap/pages/view_live_debate.php on line 126
[31-Mar-2016 15:05:18 UTC] PHP Notice:  Array to string conversion in /var/www/html/buzzzap/pages/view_live_debate.php on line 97
[31-Mar-2016 15:05:18 UTC] PHP Notice:  Undefined offset: 7 in /var/www/html/buzzzap/pages/view_live_debate.php on line 126
[31-Mar-2016 15:05:18 UTC] PHP Notice:  Undefined offset: 7 in /var/www/html/buzzzap/pages/view_live_debate.php on line 126
[31-Mar-2016 15:06:14 UTC] PHP Notice:  Array to string conversion in /var/www/html/buzzzap/pages/view_live_debate.php on line 97
[31-Mar-2016 15:06:14 UTC] PHP Notice:  Undefined offset: 7 in /var/www/html/buzzzap/pages/view_live_debate.php on line 126
[31-Mar-2016 15:06:14 UTC] PHP Notice:  Undefined offset: 7 in /var/www/html/buzzzap/pages/view_live_debate.php on line 126
[31-Mar-2016 15:06:38 UTC] PHP Notice:  Array to string conversion in /var/www/html/buzzzap/pages/view_live_debate.php on line 97
[31-Mar-2016 15:06:38 UTC] PHP Notice:  Undefined offset: 7 in /var/www/html/buzzzap/pages/view_live_debate.php on line 126
[31-Mar-2016 15:06:38 UTC] PHP Notice:  Undefined offset: 7 in /var/www/html/buzzzap/pages/view_live_debate.php on line 126
[31-Mar-2016 15:11:12 UTC] PHP Notice:  Array to string conversion in /var/www/html/buzzzap/pages/view_live_debate.php on line 97
[31-Mar-2016 15:11:12 UTC] PHP Notice:  Undefined offset: 7 in /var/www/html/buzzzap/pages/view_live_debate.php on line 126
[31-Mar-2016 15:11:12 UTC] PHP Notice:  Undefined offset: 7 in /var/www/html/buzzzap/pages/view_live_debate.php on line 126
[31-Mar-2016 15:32:13 UTC] PHP Notice:  Array to string conversion in /var/www/html/buzzzap/pages/view_live_debate.php on line 97
[31-Mar-2016 15:32:13 UTC] PHP Notice:  Undefined offset: 7 in /var/www/html/buzzzap/pages/view_live_debate.php on line 126
[31-Mar-2016 15:32:13 UTC] PHP Notice:  Undefined offset: 7 in /var/www/html/buzzzap/pages/view_live_debate.php on line 126
[31-Mar-2016 15:33:34 UTC] PHP Notice:  Array to string conversion in /var/www/html/buzzzap/pages/view_live_debate.php on line 97
[31-Mar-2016 15:33:34 UTC] PHP Notice:  Undefined offset: 7 in /var/www/html/buzzzap/pages/view_live_debate.php on line 126
[31-Mar-2016 15:33:34 UTC] PHP Notice:  Undefined offset: 7 in /var/www/html/buzzzap/pages/view_live_debate.php on line 126
[31-Mar-2016 15:34:41 UTC] PHP Notice:  Array to string conversion in /var/www/html/buzzzap/pages/view_live_debate.php on line 97
[31-Mar-2016 15:34:41 UTC] PHP Notice:  Undefined offset: 7 in /var/www/html/buzzzap/pages/view_live_debate.php on line 126
[31-Mar-2016 15:34:41 UTC] PHP Notice:  Undefined offset: 7 in /var/www/html/buzzzap/pages/view_live_debate.php on line 126
[31-Mar-2016 15:35:00 UTC] PHP Notice:  Array to string conversion in /var/www/html/buzzzap/pages/view_live_debate.php on line 97
[31-Mar-2016 15:35:00 UTC] PHP Notice:  Undefined offset: 7 in /var/www/html/buzzzap/pages/view_live_debate.php on line 126
[31-Mar-2016 15:35:00 UTC] PHP Notice:  Undefined offset: 7 in /var/www/html/buzzzap/pages/view_live_debate.php on line 126
[31-Mar-2016 15:37:11 UTC] PHP Notice:  Array to string conversion in /var/www/html/buzzzap/pages/view_live_debate.php on line 97
[31-Mar-2016 15:37:11 UTC] PHP Notice:  Undefined offset: 7 in /var/www/html/buzzzap/pages/view_live_debate.php on line 126
[31-Mar-2016 15:37:11 UTC] PHP Notice:  Undefined offset: 7 in /var/www/html/buzzzap/pages/view_live_debate.php on line 126
[31-Mar-2016 15:44:02 UTC] PHP Notice:  Array to string conversion in /var/www/html/buzzzap/pages/view_live_debate.php on line 97
[31-Mar-2016 15:44:02 UTC] PHP Notice:  Undefined offset: 7 in /var/www/html/buzzzap/pages/view_live_debate.php on line 126
[31-Mar-2016 15:44:02 UTC] PHP Notice:  Undefined offset: 7 in /var/www/html/buzzzap/pages/view_live_debate.php on line 126
[31-Mar-2016 15:46:33 UTC] PHP Notice:  Array to string conversion in /var/www/html/buzzzap/pages/view_live_debate.php on line 97
[31-Mar-2016 15:46:33 UTC] PHP Notice:  Undefined offset: 7 in /var/www/html/buzzzap/pages/view_live_debate.php on line 126
[31-Mar-2016 15:46:33 UTC] PHP Notice:  Undefined offset: 7 in /var/www/html/buzzzap/pages/view_live_debate.php on line 126
[31-Mar-2016 15:48:14 UTC] PHP Notice:  Array to string conversion in /var/www/html/buzzzap/pages/view_live_debate.php on line 97
[31-Mar-2016 15:48:14 UTC] PHP Notice:  Undefined offset: 7 in /var/www/html/buzzzap/pages/view_live_debate.php on line 126
[31-Mar-2016 15:48:14 UTC] PHP Notice:  Undefined offset: 7 in /var/www/html/buzzzap/pages/view_live_debate.php on line 126
[31-Mar-2016 15:48:18 UTC] PHP Notice:  Array to string conversion in /var/www/html/buzzzap/pages/view_live_debate.php on line 97
[31-Mar-2016 15:48:18 UTC] PHP Notice:  Undefined offset: 6 in /var/www/html/buzzzap/pages/view_live_debate.php on line 126
[31-Mar-2016 15:48:18 UTC] PHP Notice:  Undefined offset: 6 in /var/www/html/buzzzap/pages/view_live_debate.php on line 126
[31-Mar-2016 15:48:35 UTC] PHP Notice:  Array to string conversion in /var/www/html/buzzzap/pages/view_live_debate.php on line 97
[31-Mar-2016 15:48:35 UTC] PHP Notice:  Undefined offset: 7 in /var/www/html/buzzzap/pages/view_live_debate.php on line 126
[31-Mar-2016 15:48:35 UTC] PHP Notice:  Undefined offset: 7 in /var/www/html/buzzzap/pages/view_live_debate.php on line 126
[31-Mar-2016 15:48:51 UTC] PHP Notice:  Array to string conversion in /var/www/html/buzzzap/pages/view_live_debate.php on line 97
[31-Mar-2016 15:48:51 UTC] PHP Notice:  Undefined offset: 7 in /var/www/html/buzzzap/pages/view_live_debate.php on line 126
[31-Mar-2016 15:48:51 UTC] PHP Notice:  Undefined offset: 7 in /var/www/html/buzzzap/pages/view_live_debate.php on line 126
[31-Mar-2016 15:52:49 UTC] PHP Notice:  Undefined offset: 7 in /var/www/html/buzzzap/pages/view_live_debate.php on line 126
[31-Mar-2016 15:52:49 UTC] PHP Notice:  Undefined offset: 7 in /var/www/html/buzzzap/pages/view_live_debate.php on line 126
[31-Mar-2016 15:54:19 UTC] PHP Notice:  Undefined offset: 7 in /var/www/html/buzzzap/pages/view_live_debate.php on line 126
[31-Mar-2016 15:54:19 UTC] PHP Notice:  Undefined offset: 7 in /var/www/html/buzzzap/pages/view_live_debate.php on line 126
[31-Mar-2016 15:54:24 UTC] PHP Notice:  Undefined offset: 6 in /var/www/html/buzzzap/pages/view_live_debate.php on line 126
[31-Mar-2016 15:54:24 UTC] PHP Notice:  Undefined offset: 6 in /var/www/html/buzzzap/pages/view_live_debate.php on line 126
[31-Mar-2016 16:20:13 UTC] PHP Notice:  Undefined offset: 7 in /var/www/html/buzzzap/pages/view_live_debate.php on line 126
[31-Mar-2016 16:20:13 UTC] PHP Notice:  Undefined offset: 7 in /var/www/html/buzzzap/pages/view_live_debate.php on line 126
[31-Mar-2016 16:20:15 UTC] PHP Notice:  Undefined offset: 7 in /var/www/html/buzzzap/pages/view_live_debate.php on line 126
[31-Mar-2016 16:20:15 UTC] PHP Notice:  Undefined offset: 7 in /var/www/html/buzzzap/pages/view_live_debate.php on line 126
[31-Mar-2016 16:28:01 UTC] PHP Notice:  Undefined offset: 7 in /var/www/html/buzzzap/pages/view_live_debate.php on line 126
[31-Mar-2016 16:28:01 UTC] PHP Notice:  Undefined offset: 7 in /var/www/html/buzzzap/pages/view_live_debate.php on line 126
[31-Mar-2016 16:28:05 UTC] PHP Notice:  Undefined offset: 7 in /var/www/html/buzzzap/pages/view_live_debate.php on line 126
[31-Mar-2016 16:28:05 UTC] PHP Notice:  Undefined offset: 7 in /var/www/html/buzzzap/pages/view_live_debate.php on line 126
[31-Mar-2016 16:30:54 UTC] PHP Notice:  Undefined offset: 7 in /var/www/html/buzzzap/pages/view_live_debate.php on line 126
[31-Mar-2016 16:30:54 UTC] PHP Notice:  Undefined offset: 7 in /var/www/html/buzzzap/pages/view_live_debate.php on line 126
[31-Mar-2016 16:35:39 UTC] PHP Notice:  Undefined offset: 7 in /var/www/html/buzzzap/pages/view_live_debate.php on line 126
[31-Mar-2016 16:35:39 UTC] PHP Notice:  Undefined offset: 7 in /var/www/html/buzzzap/pages/view_live_debate.php on line 126
[31-Mar-2016 16:35:42 UTC] PHP Notice:  Undefined offset: 6 in /var/www/html/buzzzap/pages/view_live_debate.php on line 126
[31-Mar-2016 16:35:42 UTC] PHP Notice:  Undefined offset: 6 in /var/www/html/buzzzap/pages/view_live_debate.php on line 126
[01-Apr-2016 12:33:24 UTC] PHP Notice:  Undefined offset: 7 in /var/www/html/buzzzap/pages/view_live_debate.php on line 126
[01-Apr-2016 12:33:24 UTC] PHP Notice:  Undefined offset: 7 in /var/www/html/buzzzap/pages/view_live_debate.php on line 126
[01-Apr-2016 12:33:33 UTC] PHP Notice:  Undefined offset: 7 in /var/www/html/buzzzap/pages/view_live_debate.php on line 126
[01-Apr-2016 12:33:33 UTC] PHP Notice:  Undefined offset: 7 in /var/www/html/buzzzap/pages/view_live_debate.php on line 126
[01-Apr-2016 12:43:20 UTC] PHP Parse error:  syntax error, unexpected 'ldeb' (T_STRING) in /var/www/html/buzzzap/pages/view_live_debate.php on line 427
[01-Apr-2016 12:43:23 UTC] PHP Parse error:  syntax error, unexpected 'ldeb' (T_STRING) in /var/www/html/buzzzap/pages/view_live_debate.php on line 427
[01-Apr-2016 12:47:58 UTC] PHP Notice:  Undefined variable: color_dis in /var/www/html/buzzzap/pages/view_live_debate.php on line 34
[01-Apr-2016 12:47:59 UTC] PHP Notice:  Undefined variable: color_dis in /var/www/html/buzzzap/pages/view_live_debate.php on line 34
[01-Apr-2016 12:48:01 UTC] PHP Notice:  Undefined variable: color_dis in /var/www/html/buzzzap/pages/view_live_debate.php on line 34
[01-Apr-2016 12:48:25 UTC] PHP Notice:  Undefined variable: gen_detail_grp_color in /var/www/html/buzzzap/pages/view_live_debate.php on line 434
[01-Apr-2016 12:48:27 UTC] PHP Notice:  Undefined variable: gen_detail_grp_color in /var/www/html/buzzzap/pages/view_live_debate.php on line 434
[01-Apr-2016 12:48:58 UTC] PHP Notice:  Undefined variable: gen_detail_grp_color in /var/www/html/buzzzap/pages/view_live_debate.php on line 434
[01-Apr-2016 12:49:00 UTC] PHP Notice:  Undefined variable: gen_detail_grp_color in /var/www/html/buzzzap/pages/view_live_debate.php on line 434
[01-Apr-2016 12:49:16 UTC] PHP Notice:  Undefined variable: gen_detail_grp_color in /var/www/html/buzzzap/pages/view_live_debate.php on line 434
[01-Apr-2016 12:49:17 UTC] PHP Notice:  Undefined variable: gen_detail_grp_color in /var/www/html/buzzzap/pages/view_live_debate.php on line 434
[01-Apr-2016 12:49:18 UTC] PHP Notice:  Undefined variable: gen_detail_grp_color in /var/www/html/buzzzap/pages/view_live_debate.php on line 434
[01-Apr-2016 12:49:21 UTC] PHP Notice:  Undefined variable: gen_detail_grp_color in /var/www/html/buzzzap/pages/view_live_debate.php on line 434
[01-Apr-2016 12:49:28 UTC] PHP Notice:  Undefined variable: gen_detail_grp_color in /var/www/html/buzzzap/pages/view_live_debate.php on line 434
[01-Apr-2016 12:49:32 UTC] PHP Notice:  Undefined variable: gen_detail_grp_color in /var/www/html/buzzzap/pages/view_live_debate.php on line 434
[01-Apr-2016 12:51:31 UTC] PHP Notice:  Undefined offset: 7 in /var/www/html/buzzzap/pages/view_live_debate.php on line 102
[01-Apr-2016 12:51:31 UTC] PHP Notice:  Undefined offset: 7 in /var/www/html/buzzzap/pages/view_live_debate.php on line 131
[01-Apr-2016 12:51:31 UTC] PHP Notice:  Undefined offset: 7 in /var/www/html/buzzzap/pages/view_live_debate.php on line 131
[01-Apr-2016 12:51:32 UTC] PHP Notice:  Undefined offset: 7 in /var/www/html/buzzzap/pages/view_live_debate.php on line 102
[01-Apr-2016 12:51:32 UTC] PHP Notice:  Undefined offset: 7 in /var/www/html/buzzzap/pages/view_live_debate.php on line 131
[01-Apr-2016 12:51:32 UTC] PHP Notice:  Undefined offset: 7 in /var/www/html/buzzzap/pages/view_live_debate.php on line 131
[01-Apr-2016 14:11:55 UTC] PHP Fatal error:  Uncaught exception 'PDOException' with message 'SQLSTATE[42S22]: Column not found: 1054 Unknown column 'phase' in 'field list'' in /var/www/html/buzzzap/functions.php:2024
Stack trace:
#0 /var/www/html/buzzzap/functions.php(2024): PDO->query('SELECT `phase` ...')
#1 /var/www/html/buzzzap/pages/view_live_debate.php(43): get_ldeb_val('1', 'phase')
#2 /var/www/html/buzzzap/index.php(363): include('/var/www/html/b...')
#3 {main}
  thrown in /var/www/html/buzzzap/functions.php on line 2024
[01-Apr-2016 14:11:55 UTC] PHP Fatal error:  Uncaught exception 'PDOException' with message 'SQLSTATE[42S22]: Column not found: 1054 Unknown column 'phase' in 'field list'' in /var/www/html/buzzzap/functions.php:2024
Stack trace:
#0 /var/www/html/buzzzap/functions.php(2024): PDO->query('SELECT `phase` ...')
#1 /var/www/html/buzzzap/pages/view_live_debate.php(43): get_ldeb_val('1', 'phase')
#2 /var/www/html/buzzzap/index.php(363): include('/var/www/html/b...')
#3 {main}
  thrown in /var/www/html/buzzzap/functions.php on line 2024
[01-Apr-2016 16:46:59 UTC] PHP Notice:  Undefined offset: 7 in /var/www/html/buzzzap/pages/view_live_debate.php on line 142
[01-Apr-2016 16:46:59 UTC] PHP Notice:  Undefined offset: 7 in /var/www/html/buzzzap/pages/view_live_debate.php on line 148
[01-Apr-2016 16:48:14 UTC] PHP Notice:  Undefined offset: 7 in /var/www/html/buzzzap/pages/view_live_debate.php on line 142
[01-Apr-2016 16:48:14 UTC] PHP Notice:  Undefined offset: 7 in /var/www/html/buzzzap/pages/view_live_debate.php on line 148
[01-Apr-2016 16:48:32 UTC] PHP Notice:  Undefined offset: 7 in /var/www/html/buzzzap/pages/view_live_debate.php on line 142
[01-Apr-2016 16:48:32 UTC] PHP Notice:  Undefined offset: 7 in /var/www/html/buzzzap/pages/view_live_debate.php on line 148
[01-Apr-2016 16:50:40 UTC] PHP Notice:  Undefined offset: 6 in /var/www/html/buzzzap/pages/view_live_debate.php on line 142
[01-Apr-2016 16:50:40 UTC] PHP Notice:  Undefined offset: 6 in /var/www/html/buzzzap/pages/view_live_debate.php on line 148
[01-Apr-2016 16:50:43 UTC] PHP Notice:  Undefined offset: 7 in /var/www/html/buzzzap/pages/view_live_debate.php on line 142
[01-Apr-2016 16:50:43 UTC] PHP Notice:  Undefined offset: 7 in /var/www/html/buzzzap/pages/view_live_debate.php on line 148
[01-Apr-2016 16:50:47 UTC] PHP Notice:  Undefined offset: 2 in /var/www/html/buzzzap/pages/view_live_debate.php on line 142
[01-Apr-2016 16:50:47 UTC] PHP Notice:  Undefined offset: 2 in /var/www/html/buzzzap/pages/view_live_debate.php on line 148
[01-Apr-2016 16:51:39 UTC] PHP Notice:  Undefined offset: 7 in /var/www/html/buzzzap/pages/view_live_debate.php on line 142
[01-Apr-2016 16:51:39 UTC] PHP Notice:  Undefined offset: 7 in /var/www/html/buzzzap/pages/view_live_debate.php on line 148
[01-Apr-2016 16:51:42 UTC] PHP Notice:  Undefined offset: 6 in /var/www/html/buzzzap/pages/view_live_debate.php on line 142
[01-Apr-2016 16:51:42 UTC] PHP Notice:  Undefined offset: 6 in /var/www/html/buzzzap/pages/view_live_debate.php on line 148
[01-Apr-2016 16:51:45 UTC] PHP Notice:  Undefined offset: 2 in /var/www/html/buzzzap/pages/view_live_debate.php on line 142
[01-Apr-2016 16:51:45 UTC] PHP Notice:  Undefined offset: 2 in /var/www/html/buzzzap/pages/view_live_debate.php on line 148
[03-Apr-2016 12:54:19 UTC] PHP Notice:  Undefined offset: 6 in /var/www/html/buzzzap/pages/view_live_debate.php on line 142
[03-Apr-2016 12:54:19 UTC] PHP Notice:  Undefined offset: 6 in /var/www/html/buzzzap/pages/view_live_debate.php on line 148
[03-Apr-2016 12:54:22 UTC] PHP Notice:  Undefined offset: 2 in /var/www/html/buzzzap/pages/view_live_debate.php on line 142
[03-Apr-2016 12:54:22 UTC] PHP Notice:  Undefined offset: 2 in /var/www/html/buzzzap/pages/view_live_debate.php on line 148
[03-Apr-2016 13:05:44 UTC] PHP Notice:  Undefined offset: 6 in /var/www/html/buzzzap/pages/view_live_debate.php on line 142
[03-Apr-2016 13:05:44 UTC] PHP Notice:  Undefined offset: 6 in /var/www/html/buzzzap/pages/view_live_debate.php on line 148
[03-Apr-2016 13:05:47 UTC] PHP Notice:  Undefined offset: 2 in /var/www/html/buzzzap/pages/view_live_debate.php on line 142
[03-Apr-2016 13:05:47 UTC] PHP Notice:  Undefined offset: 2 in /var/www/html/buzzzap/pages/view_live_debate.php on line 148
[03-Apr-2016 13:18:00 UTC] PHP Notice:  Undefined offset: 2 in /var/www/html/buzzzap/pages/view_live_debate.php on line 142
[03-Apr-2016 13:18:00 UTC] PHP Notice:  Undefined offset: 2 in /var/www/html/buzzzap/pages/view_live_debate.php on line 148
[03-Apr-2016 13:36:41 UTC] PHP Notice:  Undefined offset: 2 in /var/www/html/buzzzap/pages/view_live_debate.php on line 142
[03-Apr-2016 13:36:41 UTC] PHP Notice:  Undefined offset: 2 in /var/www/html/buzzzap/pages/view_live_debate.php on line 148
[03-Apr-2016 13:37:54 UTC] PHP Notice:  Undefined offset: 2 in /var/www/html/buzzzap/pages/view_live_debate.php on line 142
[03-Apr-2016 13:37:54 UTC] PHP Notice:  Undefined offset: 2 in /var/www/html/buzzzap/pages/view_live_debate.php on line 148
[03-Apr-2016 13:37:57 UTC] PHP Notice:  Undefined offset: 6 in /var/www/html/buzzzap/pages/view_live_debate.php on line 142
[03-Apr-2016 13:37:57 UTC] PHP Notice:  Undefined offset: 6 in /var/www/html/buzzzap/pages/view_live_debate.php on line 148
[03-Apr-2016 13:48:03 UTC] PHP Notice:  Undefined offset: 2 in /var/www/html/buzzzap/pages/view_live_debate.php on line 142
[03-Apr-2016 13:48:03 UTC] PHP Notice:  Undefined offset: 2 in /var/www/html/buzzzap/pages/view_live_debate.php on line 148
[03-Apr-2016 13:48:05 UTC] PHP Notice:  Undefined offset: 6 in /var/www/html/buzzzap/pages/view_live_debate.php on line 142
[03-Apr-2016 13:48:05 UTC] PHP Notice:  Undefined offset: 6 in /var/www/html/buzzzap/pages/view_live_debate.php on line 148
[03-Apr-2016 13:52:02 UTC] PHP Notice:  Undefined offset: 6 in /var/www/html/buzzzap/pages/view_live_debate.php on line 142
[03-Apr-2016 13:52:02 UTC] PHP Notice:  Undefined offset: 6 in /var/www/html/buzzzap/pages/view_live_debate.php on line 148
[03-Apr-2016 13:52:05 UTC] PHP Notice:  Undefined offset: 2 in /var/www/html/buzzzap/pages/view_live_debate.php on line 142
[03-Apr-2016 13:52:05 UTC] PHP Notice:  Undefined offset: 2 in /var/www/html/buzzzap/pages/view_live_debate.php on line 148
[03-Apr-2016 14:31:04 UTC] PHP Parse error:  syntax error, unexpected ')' in /var/www/html/buzzzap/pages/view_live_debate.php on line 44
[03-Apr-2016 14:31:19 UTC] PHP Notice:  Undefined variable: gid in /var/www/html/buzzzap/pages/view_live_debate.php on line 44
[03-Apr-2016 14:31:23 UTC] PHP Notice:  Undefined variable: gid in /var/www/html/buzzzap/pages/view_live_debate.php on line 44
[03-Apr-2016 14:33:00 UTC] PHP Notice:  Undefined offset: 6 in /var/www/html/buzzzap/pages/view_live_debate.php on line 144
[03-Apr-2016 14:33:00 UTC] PHP Notice:  Undefined offset: 6 in /var/www/html/buzzzap/pages/view_live_debate.php on line 150
[03-Apr-2016 14:33:03 UTC] PHP Notice:  Undefined offset: 2 in /var/www/html/buzzzap/pages/view_live_debate.php on line 144
[03-Apr-2016 14:33:03 UTC] PHP Notice:  Undefined offset: 2 in /var/www/html/buzzzap/pages/view_live_debate.php on line 150
[03-Apr-2016 14:48:23 UTC] PHP Notice:  Undefined offset: 2 in /var/www/html/buzzzap/pages/view_live_debate.php on line 144
[03-Apr-2016 14:48:23 UTC] PHP Notice:  Undefined offset: 2 in /var/www/html/buzzzap/pages/view_live_debate.php on line 150
[03-Apr-2016 14:56:00 UTC] PHP Notice:  Undefined offset: 6 in /var/www/html/buzzzap/pages/view_live_debate.php on line 144
[03-Apr-2016 14:56:00 UTC] PHP Notice:  Undefined offset: 6 in /var/www/html/buzzzap/pages/view_live_debate.php on line 150
[04-Apr-2016 13:21:35 UTC] PHP Notice:  Undefined offset: 7 in /var/www/html/buzzzap/pages/view_live_debate.php on line 144
[04-Apr-2016 13:21:35 UTC] PHP Notice:  Undefined offset: 7 in /var/www/html/buzzzap/pages/view_live_debate.php on line 150
[04-Apr-2016 13:21:43 UTC] PHP Notice:  Undefined offset: 7 in /var/www/html/buzzzap/pages/view_live_debate.php on line 144
[04-Apr-2016 13:21:43 UTC] PHP Notice:  Undefined offset: 7 in /var/www/html/buzzzap/pages/view_live_debate.php on line 150
[04-Apr-2016 13:26:11 UTC] PHP Notice:  Undefined offset: 7 in /var/www/html/buzzzap/pages/view_live_debate.php on line 144
[04-Apr-2016 13:26:11 UTC] PHP Notice:  Undefined offset: 7 in /var/www/html/buzzzap/pages/view_live_debate.php on line 150
[04-Apr-2016 13:26:14 UTC] PHP Notice:  Undefined offset: 6 in /var/www/html/buzzzap/pages/view_live_debate.php on line 144
[04-Apr-2016 13:26:14 UTC] PHP Notice:  Undefined offset: 6 in /var/www/html/buzzzap/pages/view_live_debate.php on line 150
[04-Apr-2016 13:43:38 UTC] PHP Notice:  Undefined offset: 7 in /var/www/html/buzzzap/pages/view_live_debate.php on line 144
[04-Apr-2016 13:43:38 UTC] PHP Notice:  Undefined offset: 7 in /var/www/html/buzzzap/pages/view_live_debate.php on line 150
[04-Apr-2016 13:47:28 UTC] PHP Notice:  Undefined offset: 7 in /var/www/html/buzzzap/pages/view_live_debate.php on line 144
[04-Apr-2016 13:47:28 UTC] PHP Notice:  Undefined offset: 7 in /var/www/html/buzzzap/pages/view_live_debate.php on line 150
[04-Apr-2016 13:50:31 UTC] PHP Notice:  Undefined offset: 7 in /var/www/html/buzzzap/pages/view_live_debate.php on line 144
[04-Apr-2016 13:50:31 UTC] PHP Notice:  Undefined offset: 7 in /var/www/html/buzzzap/pages/view_live_debate.php on line 150
[04-Apr-2016 13:52:33 UTC] PHP Notice:  Undefined offset: 7 in /var/www/html/buzzzap/pages/view_live_debate.php on line 144
[04-Apr-2016 13:52:33 UTC] PHP Notice:  Undefined offset: 7 in /var/www/html/buzzzap/pages/view_live_debate.php on line 150
[07-Apr-2016 13:48:44 UTC] PHP Notice:  Undefined offset: 7 in /var/www/html/buzzzap/pages/view_live_debate.php on line 144
[07-Apr-2016 13:48:44 UTC] PHP Notice:  Undefined offset: 7 in /var/www/html/buzzzap/pages/view_live_debate.php on line 150
[07-Apr-2016 13:50:55 UTC] PHP Notice:  Undefined offset: 7 in /var/www/html/buzzzap/pages/view_live_debate.php on line 144
[07-Apr-2016 13:50:55 UTC] PHP Notice:  Undefined offset: 7 in /var/www/html/buzzzap/pages/view_live_debate.php on line 150
[07-Apr-2016 13:51:26 UTC] PHP Notice:  Undefined offset: 7 in /var/www/html/buzzzap/pages/view_live_debate.php on line 144
[07-Apr-2016 13:51:26 UTC] PHP Notice:  Undefined offset: 7 in /var/www/html/buzzzap/pages/view_live_debate.php on line 150
[07-Apr-2016 13:53:01 UTC] PHP Notice:  Undefined offset: 7 in /var/www/html/buzzzap/pages/view_live_debate.php on line 144
[07-Apr-2016 13:53:01 UTC] PHP Notice:  Undefined offset: 7 in /var/www/html/buzzzap/pages/view_live_debate.php on line 150
[07-Apr-2016 13:53:03 UTC] PHP Notice:  Undefined offset: 7 in /var/www/html/buzzzap/pages/view_live_debate.php on line 144
[07-Apr-2016 13:53:03 UTC] PHP Notice:  Undefined offset: 7 in /var/www/html/buzzzap/pages/view_live_debate.php on line 150
[07-Apr-2016 13:55:07 UTC] PHP Notice:  Undefined offset: 7 in /var/www/html/buzzzap/pages/view_live_debate.php on line 144
[07-Apr-2016 13:55:07 UTC] PHP Notice:  Undefined offset: 7 in /var/www/html/buzzzap/pages/view_live_debate.php on line 150
[07-Apr-2016 13:55:22 UTC] PHP Notice:  Undefined offset: 7 in /var/www/html/buzzzap/pages/view_live_debate.php on line 144
[07-Apr-2016 13:55:22 UTC] PHP Notice:  Undefined offset: 7 in /var/www/html/buzzzap/pages/view_live_debate.php on line 150
[07-Apr-2016 14:06:02 UTC] PHP Notice:  Undefined offset: 7 in /var/www/html/buzzzap/pages/view_live_debate.php on line 144
[07-Apr-2016 14:06:02 UTC] PHP Notice:  Undefined offset: 7 in /var/www/html/buzzzap/pages/view_live_debate.php on line 150
[07-Apr-2016 14:07:19 UTC] PHP Notice:  Undefined offset: 7 in /var/www/html/buzzzap/pages/view_live_debate.php on line 144
[07-Apr-2016 14:07:19 UTC] PHP Notice:  Undefined offset: 7 in /var/www/html/buzzzap/pages/view_live_debate.php on line 150
[07-Apr-2016 14:08:27 UTC] PHP Notice:  Undefined offset: 7 in /var/www/html/buzzzap/pages/view_live_debate.php on line 144
[07-Apr-2016 14:08:27 UTC] PHP Notice:  Undefined offset: 7 in /var/www/html/buzzzap/pages/view_live_debate.php on line 150
[07-Apr-2016 14:09:03 UTC] PHP Notice:  Undefined offset: 7 in /var/www/html/buzzzap/pages/view_live_debate.php on line 144
[07-Apr-2016 14:09:03 UTC] PHP Notice:  Undefined offset: 7 in /var/www/html/buzzzap/pages/view_live_debate.php on line 150
[07-Apr-2016 14:09:05 UTC] PHP Notice:  Undefined offset: 7 in /var/www/html/buzzzap/pages/view_live_debate.php on line 144
[07-Apr-2016 14:09:05 UTC] PHP Notice:  Undefined offset: 7 in /var/www/html/buzzzap/pages/view_live_debate.php on line 150
[07-Apr-2016 14:12:50 UTC] PHP Notice:  Undefined offset: 7 in /var/www/html/buzzzap/pages/view_live_debate.php on line 144
[07-Apr-2016 14:12:50 UTC] PHP Notice:  Undefined offset: 7 in /var/www/html/buzzzap/pages/view_live_debate.php on line 150
[07-Apr-2016 14:14:33 UTC] PHP Notice:  Undefined offset: 7 in /var/www/html/buzzzap/pages/view_live_debate.php on line 144
[07-Apr-2016 14:14:33 UTC] PHP Notice:  Undefined offset: 7 in /var/www/html/buzzzap/pages/view_live_debate.php on line 150
[07-Apr-2016 14:24:49 UTC] PHP Notice:  Undefined offset: 7 in /var/www/html/buzzzap/pages/view_live_debate.php on line 144
[07-Apr-2016 14:24:49 UTC] PHP Notice:  Undefined offset: 7 in /var/www/html/buzzzap/pages/view_live_debate.php on line 150
[07-Apr-2016 14:25:47 UTC] PHP Notice:  Undefined offset: 7 in /var/www/html/buzzzap/pages/view_live_debate.php on line 144
[07-Apr-2016 14:25:47 UTC] PHP Notice:  Undefined offset: 7 in /var/www/html/buzzzap/pages/view_live_debate.php on line 150
[07-Apr-2016 14:26:31 UTC] PHP Notice:  Undefined offset: 7 in /var/www/html/buzzzap/pages/view_live_debate.php on line 144
[07-Apr-2016 14:26:31 UTC] PHP Notice:  Undefined offset: 7 in /var/www/html/buzzzap/pages/view_live_debate.php on line 150
[07-Apr-2016 14:28:04 UTC] PHP Notice:  Undefined offset: 7 in /var/www/html/buzzzap/pages/view_live_debate.php on line 144
[07-Apr-2016 14:28:04 UTC] PHP Notice:  Undefined offset: 7 in /var/www/html/buzzzap/pages/view_live_debate.php on line 150
[07-Apr-2016 14:29:26 UTC] PHP Notice:  Undefined offset: 7 in /var/www/html/buzzzap/pages/view_live_debate.php on line 144
[07-Apr-2016 14:29:26 UTC] PHP Notice:  Undefined offset: 7 in /var/www/html/buzzzap/pages/view_live_debate.php on line 150
[07-Apr-2016 14:31:20 UTC] PHP Notice:  Undefined offset: 7 in /var/www/html/buzzzap/pages/view_live_debate.php on line 144
[07-Apr-2016 14:31:20 UTC] PHP Notice:  Undefined offset: 7 in /var/www/html/buzzzap/pages/view_live_debate.php on line 150
[07-Apr-2016 14:33:59 UTC] PHP Notice:  Undefined offset: 7 in /var/www/html/buzzzap/pages/view_live_debate.php on line 144
[07-Apr-2016 14:33:59 UTC] PHP Notice:  Undefined offset: 7 in /var/www/html/buzzzap/pages/view_live_debate.php on line 150
[07-Apr-2016 15:24:20 UTC] PHP Parse error:  syntax error, unexpected '$question' (T_VARIABLE) in /var/www/html/buzzzap/pages/view_live_debate.php on line 299
[07-Apr-2016 15:24:22 UTC] PHP Parse error:  syntax error, unexpected '$question' (T_VARIABLE) in /var/www/html/buzzzap/pages/view_live_debate.php on line 299
[07-Apr-2016 15:52:13 UTC] PHP Notice:  Undefined offset: 6 in /var/www/html/buzzzap/pages/view_live_debate.php on line 144
[07-Apr-2016 15:52:13 UTC] PHP Notice:  Undefined offset: 6 in /var/www/html/buzzzap/pages/view_live_debate.php on line 150
[07-Apr-2016 15:52:22 UTC] PHP Notice:  Undefined offset: 2 in /var/www/html/buzzzap/pages/view_live_debate.php on line 144
[07-Apr-2016 15:52:22 UTC] PHP Notice:  Undefined offset: 2 in /var/www/html/buzzzap/pages/view_live_debate.php on line 150
[07-Apr-2016 16:24:56 UTC] PHP Notice:  Undefined offset: 6 in /var/www/html/buzzzap/pages/view_live_debate.php on line 144
[07-Apr-2016 16:24:56 UTC] PHP Notice:  Undefined offset: 6 in /var/www/html/buzzzap/pages/view_live_debate.php on line 150
[08-Apr-2016 13:09:03 UTC] PHP Notice:  Undefined offset: 7 in /var/www/html/buzzzap/pages/view_live_debate.php on line 144
[08-Apr-2016 13:09:03 UTC] PHP Notice:  Undefined offset: 7 in /var/www/html/buzzzap/pages/view_live_debate.php on line 150
[08-Apr-2016 13:10:19 UTC] PHP Notice:  Undefined offset: 7 in /var/www/html/buzzzap/pages/view_live_debate.php on line 144
[08-Apr-2016 13:10:19 UTC] PHP Notice:  Undefined offset: 7 in /var/www/html/buzzzap/pages/view_live_debate.php on line 150
[08-Apr-2016 13:42:50 UTC] PHP Parse error:  syntax error, unexpected ')' in /var/www/html/buzzzap/pages/live_debating.php on line 231
[08-Apr-2016 13:42:57 UTC] PHP Parse error:  syntax error, unexpected ')' in /var/www/html/buzzzap/pages/live_debating.php on line 231
[08-Apr-2016 13:44:40 UTC] PHP Notice:  Undefined index: user_id in /var/www/html/buzzzap/pages/view_live_debate.php on line 26
[08-Apr-2016 13:44:40 UTC] PHP Notice:  Undefined index: user_id in /var/www/html/buzzzap/pages/view_live_debate.php on line 49
[08-Apr-2016 13:44:40 UTC] PHP Notice:  Undefined index: user_id in /var/www/html/buzzzap/pages/view_live_debate.php on line 51
[08-Apr-2016 13:44:40 UTC] PHP Notice:  Undefined index: user_id in /var/www/html/buzzzap/pages/view_live_debate.php on line 68
[08-Apr-2016 13:44:40 UTC] PHP Notice:  Undefined index: user_id in /var/www/html/buzzzap/pages/view_live_debate.php on line 481
[08-Apr-2016 13:44:40 UTC] PHP Notice:  Undefined index: user_id in /var/www/html/buzzzap/pages/view_live_debate.php on line 495
[08-Apr-2016 13:45:33 UTC] PHP Notice:  Undefined index: user_id in /var/www/html/buzzzap/pages/view_live_debate.php on line 26
[08-Apr-2016 13:45:33 UTC] PHP Notice:  Undefined index: user_id in /var/www/html/buzzzap/pages/view_live_debate.php on line 49
[08-Apr-2016 13:45:33 UTC] PHP Notice:  Undefined index: user_id in /var/www/html/buzzzap/pages/view_live_debate.php on line 51
[08-Apr-2016 13:45:33 UTC] PHP Notice:  Undefined index: user_id in /var/www/html/buzzzap/pages/view_live_debate.php on line 68
[08-Apr-2016 13:45:33 UTC] PHP Notice:  Undefined index: user_id in /var/www/html/buzzzap/pages/view_live_debate.php on line 481
[08-Apr-2016 13:45:33 UTC] PHP Notice:  Undefined index: user_id in /var/www/html/buzzzap/pages/view_live_debate.php on line 495
[08-Apr-2016 13:45:35 UTC] PHP Notice:  Undefined index: user_id in /var/www/html/buzzzap/pages/view_live_debate.php on line 26
[08-Apr-2016 13:45:35 UTC] PHP Notice:  Undefined index: user_id in /var/www/html/buzzzap/pages/view_live_debate.php on line 49
[08-Apr-2016 13:45:35 UTC] PHP Notice:  Undefined index: user_id in /var/www/html/buzzzap/pages/view_live_debate.php on line 51
[08-Apr-2016 13:45:35 UTC] PHP Notice:  Undefined index: user_id in /var/www/html/buzzzap/pages/view_live_debate.php on line 68
[08-Apr-2016 13:45:35 UTC] PHP Notice:  Undefined index: user_id in /var/www/html/buzzzap/pages/view_live_debate.php on line 481
[08-Apr-2016 13:45:35 UTC] PHP Notice:  Undefined index: user_id in /var/www/html/buzzzap/pages/view_live_debate.php on line 495
[08-Apr-2016 13:50:51 UTC] PHP Notice:  Undefined index: user_id in /var/www/html/buzzzap/pages/view_live_debate.php on line 26
[08-Apr-2016 13:50:51 UTC] PHP Notice:  Undefined index: user_id in /var/www/html/buzzzap/pages/view_live_debate.php on line 76
x
[08-Apr-2016 13:54:04 UTC] PHP Notice:  Undefined variable: user_id in /var/www/html/buzzzap/pages/view_live_debate.php on line 26
[08-Apr-2016 13:54:04 UTC] PHP Notice:  Undefined variable: user_id in /var/www/html/buzzzap/pages/view_live_debate.php on line 49
[08-Apr-2016 13:54:28 UTC] PHP Notice:  Undefined variable: user_id in /var/www/html/buzzzap/pages/view_live_debate.php on line 26
[08-Apr-2016 13:54:28 UTC] PHP Notice:  Undefined variable: user_id in /var/www/html/buzzzap/pages/view_live_debate.php on line 49
[08-Apr-2016 13:54:30 UTC] PHP Notice:  Undefined variable: user_id in /var/www/html/buzzzap/pages/view_live_debate.php on line 26
[08-Apr-2016 13:54:30 UTC] PHP Notice:  Undefined variable: user_id in /var/www/html/buzzzap/pages/view_live_debate.php on line 49
[08-Apr-2016 13:56:20 UTC] PHP Notice:  Undefined index: user_id in /var/www/html/buzzzap/pages/view_live_debate.php on line 26
[08-Apr-2016 13:56:20 UTC] PHP Notice:  Undefined index: user_id in /var/www/html/buzzzap/pages/view_live_debate.php on line 49
[08-Apr-2016 13:56:55 UTC] PHP Notice:  Undefined index: user_id in /var/www/html/buzzzap/pages/view_live_debate.php on line 26
[08-Apr-2016 13:56:55 UTC] PHP Notice:  Undefined index: user_id in /var/www/html/buzzzap/pages/view_live_debate.php on line 49
[08-Apr-2016 13:57:52 UTC] PHP Notice:  Undefined index: user_id in /var/www/html/buzzzap/pages/view_live_debate.php on line 27
[08-Apr-2016 13:57:52 UTC] PHP Notice:  Undefined index: user_id in /var/www/html/buzzzap/pages/view_live_debate.php on line 48
[08-Apr-2016 13:58:08 UTC] PHP Notice:  Undefined index: user_id in /var/www/html/buzzzap/pages/view_live_debate.php on line 47
[08-Apr-2016 13:59:07 UTC] PHP Notice:  Undefined index: user_id in /var/www/html/buzzzap/pages/view_live_debate.php on line 47
[08-Apr-2016 14:00:47 UTC] PHP Notice:  Undefined index: user_id in /var/www/html/buzzzap/pages/view_live_debate.php on line 47
[08-Apr-2016 14:01:05 UTC] PHP Notice:  Undefined index: user_id in /var/www/html/buzzzap/pages/view_live_debate.php on line 47
[08-Apr-2016 14:04:10 UTC] PHP Notice:  Undefined variable: involved_users in /var/www/html/buzzzap/pages/view_live_debate.php on line 33
[08-Apr-2016 14:04:10 UTC] PHP Warning:  array_keys() expects parameter 1 to be array, null given in /var/www/html/buzzzap/pages/view_live_debate.php on line 33
[08-Apr-2016 14:04:10 UTC] PHP Warning:  in_array() expects parameter 2 to be array, null given in /var/www/html/buzzzap/pages/view_live_debate.php on line 33
[08-Apr-2016 14:04:13 UTC] PHP Notice:  Undefined variable: involved_users in /var/www/html/buzzzap/pages/view_live_debate.php on line 33
[08-Apr-2016 14:04:13 UTC] PHP Warning:  array_keys() expects parameter 1 to be array, null given in /var/www/html/buzzzap/pages/view_live_debate.php on line 33
[08-Apr-2016 14:04:13 UTC] PHP Warning:  in_array() expects parameter 2 to be array, null given in /var/www/html/buzzzap/pages/view_live_debate.php on line 33
[08-Apr-2016 14:04:26 UTC] PHP Notice:  Undefined variable: involved_users in /var/www/html/buzzzap/pages/view_live_debate.php on line 33
[08-Apr-2016 14:04:26 UTC] PHP Warning:  array_keys() expects parameter 1 to be array, null given in /var/www/html/buzzzap/pages/view_live_debate.php on line 33
[08-Apr-2016 14:04:26 UTC] PHP Warning:  in_array() expects parameter 2 to be array, null given in /var/www/html/buzzzap/pages/view_live_debate.php on line 33
[08-Apr-2016 14:04:30 UTC] PHP Notice:  Undefined variable: involved_users in /var/www/html/buzzzap/pages/view_live_debate.php on line 33
[08-Apr-2016 14:04:30 UTC] PHP Warning:  array_keys() expects parameter 1 to be array, null given in /var/www/html/buzzzap/pages/view_live_debate.php on line 33
[08-Apr-2016 14:04:30 UTC] PHP Warning:  in_array() expects parameter 2 to be array, null given in /var/www/html/buzzzap/pages/view_live_debate.php on line 33
[08-Apr-2016 14:04:44 UTC] PHP Notice:  Undefined variable: involved_users in /var/www/html/buzzzap/pages/view_live_debate.php on line 33
[08-Apr-2016 14:04:44 UTC] PHP Warning:  array_keys() expects parameter 1 to be array, null given in /var/www/html/buzzzap/pages/view_live_debate.php on line 33
[08-Apr-2016 14:04:44 UTC] PHP Warning:  in_array() expects parameter 2 to be array, null given in /var/www/html/buzzzap/pages/view_live_debate.php on line 33
[08-Apr-2016 14:04:46 UTC] PHP Notice:  Undefined index: user_id in /var/www/html/buzzzap/pages/view_live_debate.php on line 26
[08-Apr-2016 14:04:46 UTC] PHP Notice:  Undefined index: user_id in /var/www/html/buzzzap/pages/view_live_debate.php on line 63
[08-Apr-2016 14:04:53 UTC] PHP Notice:  Undefined variable: involved_users in /var/www/html/buzzzap/pages/view_live_debate.php on line 33
[08-Apr-2016 14:04:53 UTC] PHP Warning:  array_keys() expects parameter 1 to be array, null given in /var/www/html/buzzzap/pages/view_live_debate.php on line 33
[08-Apr-2016 14:04:53 UTC] PHP Warning:  in_array() expects parameter 2 to be array, null given in /var/www/html/buzzzap/pages/view_live_debate.php on line 33
[08-Apr-2016 14:05:19 UTC] PHP Notice:  Undefined variable: involved_users in /var/www/html/buzzzap/pages/view_live_debate.php on line 33
[08-Apr-2016 14:05:19 UTC] PHP Warning:  array_keys() expects parameter 1 to be array, null given in /var/www/html/buzzzap/pages/view_live_debate.php on line 33
[08-Apr-2016 14:05:19 UTC] PHP Warning:  in_array() expects parameter 2 to be array, null given in /var/www/html/buzzzap/pages/view_live_debate.php on line 33
[08-Apr-2016 14:06:10 UTC] PHP Notice:  Undefined variable: sid in /var/www/html/buzzzap/pages/view_live_debate.php on line 35
[09-Apr-2016 14:01:16 UTC] PHP Notice:  Undefined index: ldeb_type in /var/www/html/buzzzap/pages/live_debating.php on line 179
[09-Apr-2016 14:02:02 UTC] PHP Notice:  Undefined variable: type in /var/www/html/buzzzap/functions.php on line 2120
[09-Apr-2016 14:02:02 UTC] PHP Fatal error:  Uncaught exception 'PDOException' with message 'SQLSTATE[23000]: Integrity constraint violation: 1048 Column 'type' cannot be null' in /var/www/html/buzzzap/functions.php:2120
Stack trace:
#0 /var/www/html/buzzzap/functions.php(2120): PDOStatement->execute(Array)
#1 /var/www/html/buzzzap/pages/live_debating.php(245): start_ldeb('is this really ...', 'egwr', '20', '30', '3', 'test5', '19', 'text')
#2 /var/www/html/buzzzap/index.php(363): include('/var/www/html/b...')
#3 {main}
  thrown in /var/www/html/buzzzap/functions.php on line 2120
[09-Apr-2016 14:37:17 UTC] PHP Parse error:  syntax error, unexpected end of file in /var/www/html/buzzzap/pages/view_live_debate.php on line 748
[09-Apr-2016 14:37:18 UTC] PHP Parse error:  syntax error, unexpected end of file in /var/www/html/buzzzap/pages/view_live_debate.php on line 748
[09-Apr-2016 14:55:16 UTC] PHP Parse error:  syntax error, unexpected ')' in /var/www/html/buzzzap/pages/view_live_debate.php on line 675
[09-Apr-2016 14:59:29 UTC] PHP Parse error:  syntax error, unexpected ';' in /var/www/html/buzzzap/pages/view_live_debate.php on line 654
[10-Apr-2016 14:31:28 UTC] PHP Parse error:  syntax error, unexpected end of file in /var/www/html/buzzzap/pages/view_live_debate.php on line 765
[12-Apr-2016 18:47:39 UTC] PHP Parse error:  syntax error, unexpected '}' in /var/www/html/buzzzap/pages/view_live_debate.php on line 808
[12-Apr-2016 18:47:42 UTC] PHP Parse error:  syntax error, unexpected '}' in /var/www/html/buzzzap/pages/view_live_debate.php on line 808
